<?xml version="1.0" encoding="UTF-8"?>
<!-- Generated by org.testng.reporters.JUnitXMLReporter -->
<testsuite ignored="0" hostname="Aceraspire7" failures="0" tests="6" name="Test1" time="34.473" errors="0" timestamp="2024-05-20T11:32:28 IST">
  <testcase classname="testNgFashion.DemoWebShop" name="demo" time="8.246"/>
  <testcase classname="testNgTravel.MakeMytrip" name="ajio" time="7.429"/>
  <testcase classname="testNgTravel.AbhiAbhi" name="ajio" time="7.692"/>
  <testcase classname="testNgTravel.RedBus" name="ajio" time="3.833"/>
  <testcase classname="testNgFashion.AjioShop" name="ajio" time="3.86"/>
  <testcase classname="testNgFashion.KalkiShop" name="ajio" time="3.321"/>
</testsuite> <!-- Test1 -->
